/*C2*/SET SCHEMA PUBLIC
DELETE FROM LOCATIONS_DATA WHERE AL_ID=1023
DELETE FROM LOCATIONS_DATA WHERE AL_ID=1024
DELETE FROM LOCATIONS_DATA WHERE AL_ID=1025
DELETE FROM LOCATIONS_DATA WHERE AL_ID=1026
DELETE FROM LOCATIONS_DATA WHERE AL_ID=1027
DELETE FROM LOCATIONS_DATA WHERE AL_ID=1028
DELETE FROM LOCATIONS_DATA WHERE AL_ID=1029
DELETE FROM LOCATIONS_DATA WHERE AL_ID=1030
DELETE FROM LOCATIONS_DATA WHERE AL_ID=1031
DELETE FROM LOCATIONS_DATA WHERE AL_ID=1032
DELETE FROM LOCATIONS_DATA WHERE AL_ID=1033
INSERT INTO LOCATIONS_DATA VALUES(1034,'Commune de Port-de-Paix, Arrondissement Port-de-Paix, D\u00e9partement du Nord-Ouest, Ayiti',0,145761,62677,438739)
INSERT INTO LOCATIONS_DATA VALUES(1035,'Cap-Ha\u00eftien, Commune Cap-Ha\u00eftien, Arrondissement de Cap-Ha\u00eftien, D\u00e9partement du Nord, 1110, Ayiti',1,213435,91777,642439)
INSERT INTO LOCATIONS_DATA VALUES(1036,'Fort-Libert\u00e9, Commune Fort-Libert\u00e9, Arrondissement de Fort-Libert\u00e9, D\u00e9partement du Nord-Est, Ayiti',2,78793,33881,237167)
INSERT INTO LOCATIONS_DATA VALUES(1037,'Les Gona\u00efves, Commune des Gona\u00efves, Arrondissement des Gona\u00efves, D\u00e9partement de l''Artibonite, 4110, Ayiti',3,345504,148567,1039969)
INSERT INTO LOCATIONS_DATA VALUES(1038,'Hinche, Commune Hinche, Arrondissement de Hinche, D\u00e9partement du Centre, 5110, Ayiti',4,149247,64176,449232)
INSERT INTO LOCATIONS_DATA VALUES(1039,'Port-au-Prince, D\u00e9partement de l''Ouest, Ayiti',5,769599,330928,2316496)
INSERT INTO LOCATIONS_DATA VALUES(1040,'L\u00e9og\u00e2ne, Commune L\u00e9og\u00e2ne, Arrondissement de L\u00e9og\u00e2ne, D\u00e9partement de l''Ouest, Ayiti',6,36341,15627,109389)
INSERT INTO LOCATIONS_DATA VALUES(1041,'Mirago\u00e2ne, Commune Mirago\u00e2ne, Arrondissement de Mirago\u00e2ne, D\u00e9partement des Nippes, Ayiti',7,68505,29457,206199)
INSERT INTO LOCATIONS_DATA VALUES(1042,'Commune Les Cayes, Arrondissement des Cayes, D\u00e9partement du Sud, Ayiti',8,154995,66648,466536)
INSERT INTO LOCATIONS_DATA VALUES(1043,'Commune de J\u00e9r\u00e9mie, Arrondissement de J\u00e9r\u00e9mie, D\u00e9partement de la Grande-Anse, Ayiti',9,93660,40274,281918)
INSERT INTO LOCATIONS_DATA VALUES(1044,'Jacmel, Commune Jacmel, Arrondissement de Jacmel, D\u00e9partement du Sud-Est, 9110, Ayiti',10,126520,54404,380828)
COMMIT
DISCONNECT
